Copyright 1986-2022 Xilinx, Inc. All Rights Reserved. Copyright 2022-2024 Advanced Micro Devices, Inc. All Rights Reserved.
--------------------------------------------------------------------------------------------------------------------------------------------------------
| Tool Version : Vivado v.2024.2 (lin64) Build 5239630 Fri Nov 08 22:34:34 MST 2024
| Date         : Tue Jun 10 19:23:16 2025
| Host         : bryan-OMEN-by-HP-Gaming-Laptop-16-k0xxx running 64-bit Ubuntu 22.04.4 LTS
| Command      : report_methodology -file AskMod_methodology_drc_routed.rpt -pb AskMod_methodology_drc_routed.pb -rpx AskMod_methodology_drc_routed.rpx
| Design       : AskMod
| Device       : xczu3eg-sfvc784-1-i
| Speed File   : -1
| Design State : Fully Routed
--------------------------------------------------------------------------------------------------------------------------------------------------------

Report Methodology

Table of Contents
-----------------
1. REPORT SUMMARY
2. REPORT DETAILS

1. REPORT SUMMARY
-----------------
            Netlist: netlist
          Floorplan: design_1
      Design limits: <entire design considered>
             Max checks: <unlimited>
             Checks found: 37
+-----------+------------------+-----------------------------+--------+
| Rule      | Severity         | Description                 | Checks |
+-----------+------------------+-----------------------------+--------+
| TIMING-17 | Critical Warning | Non-clocked sequential cell | 37     |
+-----------+------------------+-----------------------------+--------+

2. REPORT DETAILS
-----------------
TIMING-17#1 Critical Warning
Non-clocked sequential cell  
The clock pin dds_inst/U0/i_synth/i_dds/I_PHASEGEN.i_conventional_accum.i_accum/i_fabric.i_common.i_phase_acc/opt_has_pipe.first_q_reg[0]/C is not reached by a timing clock
Related violations: <none>

TIMING-17#2 Critical Warning
Non-clocked sequential cell  
The clock pin dds_inst/U0/i_synth/i_dds/I_PHASEGEN.i_conventional_accum.i_accum/i_fabric.i_common.i_phase_acc/opt_has_pipe.first_q_reg[10]/C is not reached by a timing clock
Related violations: <none>

TIMING-17#3 Critical Warning
Non-clocked sequential cell  
The clock pin dds_inst/U0/i_synth/i_dds/I_PHASEGEN.i_conventional_accum.i_accum/i_fabric.i_common.i_phase_acc/opt_has_pipe.first_q_reg[11]/C is not reached by a timing clock
Related violations: <none>

TIMING-17#4 Critical Warning
Non-clocked sequential cell  
The clock pin dds_inst/U0/i_synth/i_dds/I_PHASEGEN.i_conventional_accum.i_accum/i_fabric.i_common.i_phase_acc/opt_has_pipe.first_q_reg[12]/C is not reached by a timing clock
Related violations: <none>

TIMING-17#5 Critical Warning
Non-clocked sequential cell  
The clock pin dds_inst/U0/i_synth/i_dds/I_PHASEGEN.i_conventional_accum.i_accum/i_fabric.i_common.i_phase_acc/opt_has_pipe.first_q_reg[13]/C is not reached by a timing clock
Related violations: <none>

TIMING-17#6 Critical Warning
Non-clocked sequential cell  
The clock pin dds_inst/U0/i_synth/i_dds/I_PHASEGEN.i_conventional_accum.i_accum/i_fabric.i_common.i_phase_acc/opt_has_pipe.first_q_reg[14]/C is not reached by a timing clock
Related violations: <none>

TIMING-17#7 Critical Warning
Non-clocked sequential cell  
The clock pin dds_inst/U0/i_synth/i_dds/I_PHASEGEN.i_conventional_accum.i_accum/i_fabric.i_common.i_phase_acc/opt_has_pipe.first_q_reg[15]/C is not reached by a timing clock
Related violations: <none>

TIMING-17#8 Critical Warning
Non-clocked sequential cell  
The clock pin dds_inst/U0/i_synth/i_dds/I_PHASEGEN.i_conventional_accum.i_accum/i_fabric.i_common.i_phase_acc/opt_has_pipe.first_q_reg[16]/C is not reached by a timing clock
Related violations: <none>

TIMING-17#9 Critical Warning
Non-clocked sequential cell  
The clock pin dds_inst/U0/i_synth/i_dds/I_PHASEGEN.i_conventional_accum.i_accum/i_fabric.i_common.i_phase_acc/opt_has_pipe.first_q_reg[17]/C is not reached by a timing clock
Related violations: <none>

TIMING-17#10 Critical Warning
Non-clocked sequential cell  
The clock pin dds_inst/U0/i_synth/i_dds/I_PHASEGEN.i_conventional_accum.i_accum/i_fabric.i_common.i_phase_acc/opt_has_pipe.first_q_reg[18]/C is not reached by a timing clock
Related violations: <none>

TIMING-17#11 Critical Warning
Non-clocked sequential cell  
The clock pin dds_inst/U0/i_synth/i_dds/I_PHASEGEN.i_conventional_accum.i_accum/i_fabric.i_common.i_phase_acc/opt_has_pipe.first_q_reg[19]/C is not reached by a timing clock
Related violations: <none>

TIMING-17#12 Critical Warning
Non-clocked sequential cell  
The clock pin dds_inst/U0/i_synth/i_dds/I_PHASEGEN.i_conventional_accum.i_accum/i_fabric.i_common.i_phase_acc/opt_has_pipe.first_q_reg[1]/C is not reached by a timing clock
Related violations: <none>

TIMING-17#13 Critical Warning
Non-clocked sequential cell  
The clock pin dds_inst/U0/i_synth/i_dds/I_PHASEGEN.i_conventional_accum.i_accum/i_fabric.i_common.i_phase_acc/opt_has_pipe.first_q_reg[20]/C is not reached by a timing clock
Related violations: <none>

TIMING-17#14 Critical Warning
Non-clocked sequential cell  
The clock pin dds_inst/U0/i_synth/i_dds/I_PHASEGEN.i_conventional_accum.i_accum/i_fabric.i_common.i_phase_acc/opt_has_pipe.first_q_reg[21]/C is not reached by a timing clock
Related violations: <none>

TIMING-17#15 Critical Warning
Non-clocked sequential cell  
The clock pin dds_inst/U0/i_synth/i_dds/I_PHASEGEN.i_conventional_accum.i_accum/i_fabric.i_common.i_phase_acc/opt_has_pipe.first_q_reg[22]/C is not reached by a timing clock
Related violations: <none>

TIMING-17#16 Critical Warning
Non-clocked sequential cell  
The clock pin dds_inst/U0/i_synth/i_dds/I_PHASEGEN.i_conventional_accum.i_accum/i_fabric.i_common.i_phase_acc/opt_has_pipe.first_q_reg[23]/C is not reached by a timing clock
Related violations: <none>

TIMING-17#17 Critical Warning
Non-clocked sequential cell  
The clock pin dds_inst/U0/i_synth/i_dds/I_PHASEGEN.i_conventional_accum.i_accum/i_fabric.i_common.i_phase_acc/opt_has_pipe.first_q_reg[24]/C is not reached by a timing clock
Related violations: <none>

TIMING-17#18 Critical Warning
Non-clocked sequential cell  
The clock pin dds_inst/U0/i_synth/i_dds/I_PHASEGEN.i_conventional_accum.i_accum/i_fabric.i_common.i_phase_acc/opt_has_pipe.first_q_reg[25]/C is not reached by a timing clock
Related violations: <none>

TIMING-17#19 Critical Warning
Non-clocked sequential cell  
The clock pin dds_inst/U0/i_synth/i_dds/I_PHASEGEN.i_conventional_accum.i_accum/i_fabric.i_common.i_phase_acc/opt_has_pipe.first_q_reg[2]/C is not reached by a timing clock
Related violations: <none>

TIMING-17#20 Critical Warning
Non-clocked sequential cell  
The clock pin dds_inst/U0/i_synth/i_dds/I_PHASEGEN.i_conventional_accum.i_accum/i_fabric.i_common.i_phase_acc/opt_has_pipe.first_q_reg[3]/C is not reached by a timing clock
Related violations: <none>

TIMING-17#21 Critical Warning
Non-clocked sequential cell  
The clock pin dds_inst/U0/i_synth/i_dds/I_PHASEGEN.i_conventional_accum.i_accum/i_fabric.i_common.i_phase_acc/opt_has_pipe.first_q_reg[4]/C is not reached by a timing clock
Related violations: <none>

TIMING-17#22 Critical Warning
Non-clocked sequential cell  
The clock pin dds_inst/U0/i_synth/i_dds/I_PHASEGEN.i_conventional_accum.i_accum/i_fabric.i_common.i_phase_acc/opt_has_pipe.first_q_reg[5]/C is not reached by a timing clock
Related violations: <none>

TIMING-17#23 Critical Warning
Non-clocked sequential cell  
The clock pin dds_inst/U0/i_synth/i_dds/I_PHASEGEN.i_conventional_accum.i_accum/i_fabric.i_common.i_phase_acc/opt_has_pipe.first_q_reg[6]/C is not reached by a timing clock
Related violations: <none>

TIMING-17#24 Critical Warning
Non-clocked sequential cell  
The clock pin dds_inst/U0/i_synth/i_dds/I_PHASEGEN.i_conventional_accum.i_accum/i_fabric.i_common.i_phase_acc/opt_has_pipe.first_q_reg[7]/C is not reached by a timing clock
Related violations: <none>

TIMING-17#25 Critical Warning
Non-clocked sequential cell  
The clock pin dds_inst/U0/i_synth/i_dds/I_PHASEGEN.i_conventional_accum.i_accum/i_fabric.i_common.i_phase_acc/opt_has_pipe.first_q_reg[8]/C is not reached by a timing clock
Related violations: <none>

TIMING-17#26 Critical Warning
Non-clocked sequential cell  
The clock pin dds_inst/U0/i_synth/i_dds/I_PHASEGEN.i_conventional_accum.i_accum/i_fabric.i_common.i_phase_acc/opt_has_pipe.first_q_reg[9]/C is not reached by a timing clock
Related violations: <none>

TIMING-17#27 Critical Warning
Non-clocked sequential cell  
The clock pin dds_inst/U0/i_synth/i_dds/I_PHASEGEN.i_conventional_accum.i_fabric.i_ph_adj_pipe/opt_has_pipe.first_q_reg[16]/C is not reached by a timing clock
Related violations: <none>

TIMING-17#28 Critical Warning
Non-clocked sequential cell  
The clock pin dds_inst/U0/i_synth/i_dds/I_PHASEGEN.i_conventional_accum.i_fabric.i_ph_adj_pipe/opt_has_pipe.first_q_reg[17]/C is not reached by a timing clock
Related violations: <none>

TIMING-17#29 Critical Warning
Non-clocked sequential cell  
The clock pin dds_inst/U0/i_synth/i_dds/I_PHASEGEN.i_conventional_accum.i_fabric.i_ph_adj_pipe/opt_has_pipe.first_q_reg[18]/C is not reached by a timing clock
Related violations: <none>

TIMING-17#30 Critical Warning
Non-clocked sequential cell  
The clock pin dds_inst/U0/i_synth/i_dds/I_PHASEGEN.i_conventional_accum.i_fabric.i_ph_adj_pipe/opt_has_pipe.first_q_reg[19]/C is not reached by a timing clock
Related violations: <none>

TIMING-17#31 Critical Warning
Non-clocked sequential cell  
The clock pin dds_inst/U0/i_synth/i_dds/I_PHASEGEN.i_conventional_accum.i_fabric.i_ph_adj_pipe/opt_has_pipe.first_q_reg[20]/C is not reached by a timing clock
Related violations: <none>

TIMING-17#32 Critical Warning
Non-clocked sequential cell  
The clock pin dds_inst/U0/i_synth/i_dds/I_PHASEGEN.i_conventional_accum.i_fabric.i_ph_adj_pipe/opt_has_pipe.first_q_reg[21]/C is not reached by a timing clock
Related violations: <none>

TIMING-17#33 Critical Warning
Non-clocked sequential cell  
The clock pin dds_inst/U0/i_synth/i_dds/I_PHASEGEN.i_conventional_accum.i_fabric.i_ph_adj_pipe/opt_has_pipe.first_q_reg[22]/C is not reached by a timing clock
Related violations: <none>

TIMING-17#34 Critical Warning
Non-clocked sequential cell  
The clock pin dds_inst/U0/i_synth/i_dds/I_PHASEGEN.i_conventional_accum.i_fabric.i_ph_adj_pipe/opt_has_pipe.first_q_reg[23]/C is not reached by a timing clock
Related violations: <none>

TIMING-17#35 Critical Warning
Non-clocked sequential cell  
The clock pin dds_inst/U0/i_synth/i_dds/I_PHASEGEN.i_conventional_accum.i_fabric.i_ph_adj_pipe/opt_has_pipe.first_q_reg[24]/C is not reached by a timing clock
Related violations: <none>

TIMING-17#36 Critical Warning
Non-clocked sequential cell  
The clock pin dds_inst/U0/i_synth/i_dds/I_PHASEGEN.i_conventional_accum.i_fabric.i_ph_adj_pipe/opt_has_pipe.first_q_reg[25]/C is not reached by a timing clock
Related violations: <none>

TIMING-17#37 Critical Warning
Non-clocked sequential cell  
The clock pin dds_inst/U0/i_synth/i_dds/I_SINCOS.i_std_rom.i_rom/i_rtl.i_full_table.i_block_rom.i_pipe_1.pre_asyn_cos_RAM_op_reg/CLKARDCLK is not reached by a timing clock
Related violations: <none>


